{"logTime": "0401/134559", "correlationVector":"kvquvW6u47KqDyf34wmy9g.1","action":"SyncServerConnectionManagerRequest", "result":"SYNC_SERVER_OK", "context":{"environment":"Prod_SoutheastAsia_000j", "migrationStage":"NotStarted", "server":"GENERAL01000010"}}
{"logTime": "0401/134559", "correlationVector":"kvquvW6u47KqDyf34wmy9g","action":"Initial GetUpdates", "result":"", "context":Reason: NEW_CLIENT. cV=kvquvW6u47KqDyf34wmy9g}
{"logTime": "0401/134559", "correlationVector":"kvquvW6u47KqDyf34wmy9g.2","action":"GetUpdates Response", "result":"Success", "context":Received 1 update(s). cV=kvquvW6u47KqDyf34wmy9g.0;server=GENERAL01000010;cloudType=Consumer;environment=Prod_SoutheastAsia_000j;migrationStage=NotStarted}
{"logTime": "0401/134605", "correlationVector":"FYo/BHwW6OJIonBUrsI39U","action":"SyncServerConnectionManagerRequest", "result":"SYNC_SERVER_OK", "context":{"environment":"", "migrationStage":"", "server":""}}
{"logTime": "0401/134605", "correlationVector":"sMxMRqXuvQ06ffLtO18FAA","action":"Initial GetUpdates", "result":"", "context":Reason: NEW_CLIENT. cV=sMxMRqXuvQ06ffLtO18FAA}
{"logTime": "0401/134606", "correlationVector":"sMxMRqXuvQ06ffLtO18FAA.1","action":"SyncServerConnectionManagerRequest", "result":"SYNC_SERVER_OK", "context":{"environment":"Prod_SoutheastAsia_000j", "migrationStage":"NotStarted", "server":"GENERAL0300001H"}}
{"logTime": "0401/134606", "correlationVector":"sMxMRqXuvQ06ffLtO18FAA.2","action":"GetUpdates Response", "result":"Success", "context":Received 15 update(s). cV=sMxMRqXuvQ06ffLtO18FAA.0;server=GENERAL0300001H;cloudType=Consumer;environment=Prod_SoutheastAsia_000j;migrationStage=NotStarted}
{"logTime": "0401/134606", "correlationVector":"Qx8UW+cRW552x5k4lPS0vc","action":"Normal GetUpdate request", "result":"", "context":cV=Qx8UW+cRW552x5k4lPS0vc
Nudged types: Device Info, User Consents
Refresh requested types: Device Info, User Consents, Send Tab To Self, Encryption Keys}
{"logTime": "0401/134606", "correlationVector":"Qx8UW+cRW552x5k4lPS0vc.1","action":"SyncServerConnectionManagerRequest", "result":"SYNC_SERVER_OK", "context":{"environment":"Prod_SoutheastAsia_000j", "migrationStage":"NotStarted", "server":"GENERAL01000009"}}
{"logTime": "0401/134606", "correlationVector":"Qx8UW+cRW552x5k4lPS0vc.2","action":"GetUpdates Response", "result":"Success", "context":Received 0 update(s). cV=Qx8UW+cRW552x5k4lPS0vc.0;server=GENERAL01000009;cloudType=Consumer;environment=Prod_SoutheastAsia_000j;migrationStage=NotStarted}
{"logTime": "0401/134606", "correlationVector":"TuQo65Wc5DpbZ5KbZ+oT5d","action":"Commit Request", "result":"", "context":Item count: 2
Contributing types: Device Info, User Consents}
{"logTime": "0401/134606", "correlationVector":"TuQo65Wc5DpbZ5KbZ+oT5d.1","action":"SyncServerConnectionManagerRequest", "result":"SYNC_SERVER_OK", "context":{"environment":"Prod_SoutheastAsia_000j", "migrationStage":"NotStarted", "server":"GENERAL0300000A"}}
{"logTime": "0401/134606", "correlationVector":"TuQo65Wc5DpbZ5KbZ+oT5d.2","action":"Commit Response", "result":"Success", "context":Result: Success. cV=TuQo65Wc5DpbZ5KbZ+oT5d.0;server=GENERAL0300000A;cloudType=Consumer;environment=Prod_SoutheastAsia_000j;migrationStage=NotStarted}
{"logTime": "0401/134607", "correlationVector":"jas10Vfgb7UlM20xia2NZh","action":"Normal GetUpdate request", "result":"", "context":cV=jas10Vfgb7UlM20xia2NZh
Nudged types: Device Info}
{"logTime": "0401/134607", "correlationVector":"jas10Vfgb7UlM20xia2NZh.1","action":"SyncServerConnectionManagerRequest", "result":"SYNC_SERVER_OK", "context":{"environment":"Prod_SoutheastAsia_000j", "migrationStage":"NotStarted", "server":"GENERAL0100000W"}}
{"logTime": "0401/134607", "correlationVector":"jas10Vfgb7UlM20xia2NZh.2","action":"GetUpdates Response", "result":"Success", "context":Received 1 update(s). cV=jas10Vfgb7UlM20xia2NZh.0;server=GENERAL0100000W;cloudType=Consumer;environment=Prod_SoutheastAsia_000j;migrationStage=NotStarted}
{"logTime": "0401/135056", "correlationVector":"bB0w5/Eo/p7xMk14BQ5n7d","action":"Normal GetUpdate request", "result":"", "context":cV=bB0w5/Eo/p7xMk14BQ5n7d
Refresh requested types: Device Info, User Consents, Send Tab To Self, Encryption Keys}
{"logTime": "0401/135056", "correlationVector":"bB0w5/Eo/p7xMk14BQ5n7d.1","action":"SyncServerConnectionManagerRequest", "result":"SYNC_SERVER_OK", "context":{"environment":"Prod_SoutheastAsia_000j", "migrationStage":"NotStarted", "server":"GENERAL0100000A"}}
{"logTime": "0401/135056", "correlationVector":"bB0w5/Eo/p7xMk14BQ5n7d.2","action":"GetUpdates Response", "result":"Success", "context":Received 0 update(s). cV=bB0w5/Eo/p7xMk14BQ5n7d.0;server=GENERAL0100000A;cloudType=Consumer;environment=Prod_SoutheastAsia_000j;migrationStage=NotStarted}
{"logTime": "0402/050003", "correlationVector":"ozM5IhjRwqk5qO0G+dtVVP.1","action":"SyncServerConnectionManagerRequest", "result":"SYNC_SERVER_OK", "context":{"environment":"Prod_SoutheastAsia_000j", "migrationStage":"NotStarted", "server":"GENERAL0100000R"}}
{"logTime": "0402/050003", "correlationVector":"ozM5IhjRwqk5qO0G+dtVVP","action":"Initial GetUpdates", "result":"", "context":Reason: NEW_CLIENT. cV=ozM5IhjRwqk5qO0G+dtVVP}
{"logTime": "0402/050003", "correlationVector":"ozM5IhjRwqk5qO0G+dtVVP.2","action":"GetUpdates Response", "result":"Success", "context":Received 1 update(s). cV=ozM5IhjRwqk5qO0G+dtVVP.0;server=GENERAL0100000R;cloudType=Consumer;environment=Prod_SoutheastAsia_000j;migrationStage=NotStarted}
{"logTime": "0402/050003", "correlationVector":"Vy1MikrtrRzaqBjITPKpqE","action":"Normal GetUpdate request", "result":"", "context":cV=Vy1MikrtrRzaqBjITPKpqE
Refresh requested types: Device Info, User Consents, Send Tab To Self, Encryption Keys}
{"logTime": "0402/050003", "correlationVector":"Vy1MikrtrRzaqBjITPKpqE.1","action":"SyncServerConnectionManagerRequest", "result":"SYNC_SERVER_OK", "context":{"environment":"Prod_SoutheastAsia_000j", "migrationStage":"NotStarted", "server":"GENERAL0100000J"}}
{"logTime": "0402/050003", "correlationVector":"Vy1MikrtrRzaqBjITPKpqE.2","action":"GetUpdates Response", "result":"Success", "context":Received 0 update(s). cV=Vy1MikrtrRzaqBjITPKpqE.0;server=GENERAL0100000J;cloudType=Consumer;environment=Prod_SoutheastAsia_000j;migrationStage=NotStarted}
{"logTime": "0402/050003", "correlationVector":"XZWQ3mN5hKd9RTshgNddjR","action":"Poll GetUpdate request", "result":"", "context":cV=XZWQ3mN5hKd9RTshgNddjR}
{"logTime": "0402/050003", "correlationVector":"XZWQ3mN5hKd9RTshgNddjR.1","action":"SyncServerConnectionManagerRequest", "result":"SYNC_SERVER_OK", "context":{"environment":"Prod_SoutheastAsia_000j", "migrationStage":"NotStarted", "server":"GENERAL0100001B"}}
{"logTime": "0402/050003", "correlationVector":"XZWQ3mN5hKd9RTshgNddjR.2","action":"GetUpdates Response", "result":"Success", "context":Received 0 update(s). cV=XZWQ3mN5hKd9RTshgNddjR.0;server=GENERAL0100001B;cloudType=Consumer;environment=Prod_SoutheastAsia_000j;migrationStage=NotStarted}
{"logTime": "0402/050004", "correlationVector":"YvGrVpfqU4pcVTVscXIbVh","action":"SyncServerConnectionManagerRequest", "result":"SYNC_SERVER_OK", "context":{"environment":"", "migrationStage":"", "server":""}}
{"logTime": "0402/050004", "correlationVector":"Du6/e9MoRmOjM8ptvbxgCZ","action":"Initial GetUpdates", "result":"", "context":Reason: RECONFIGURATION. cV=Du6/e9MoRmOjM8ptvbxgCZ}
{"logTime": "0402/050004", "correlationVector":"Du6/e9MoRmOjM8ptvbxgCZ.1","action":"SyncServerConnectionManagerRequest", "result":"SYNC_SERVER_OK", "context":{"environment":"Prod_SoutheastAsia_000j", "migrationStage":"NotStarted", "server":"GENERAL0300000A"}}
{"logTime": "0402/050004", "correlationVector":"Du6/e9MoRmOjM8ptvbxgCZ.2","action":"GetUpdates", "result":"DeleteReceived", "context":{"id":"e4253ac9-870c-49bc-b6f4-f3c3ab4ca5d0", "isDeleted:":"true", "version":"1711295690850"}}
{"logTime": "0402/050004", "correlationVector":"Du6/e9MoRmOjM8ptvbxgCZ.3","action":"GetUpdates", "result":"DeleteReceived", "context":{"id":"b0b79834-4d02-45d9-a0ad-3af96dca6194", "isDeleted:":"true", "version":"1704362622549"}}
{"logTime": "0402/050004", "correlationVector":"Du6/e9MoRmOjM8ptvbxgCZ.4","action":"GetUpdates Response", "result":"Success", "context":Received 125 update(s). cV=Du6/e9MoRmOjM8ptvbxgCZ.0;server=GENERAL0300000A;cloudType=Consumer;environment=Prod_SoutheastAsia_000j;migrationStage=NotStarted}
{"logTime": "0402/050004", "correlationVector":"dZpzIbhpdRf6whtsJw476S","action":"Initial GetUpdates", "result":"", "context":Reason: NEWLY_SUPPORTED_DATATYPE. cV=dZpzIbhpdRf6whtsJw476S}
{"logTime": "0402/050005", "correlationVector":"dZpzIbhpdRf6whtsJw476S.1","action":"SyncServerConnectionManagerRequest", "result":"SYNC_SERVER_OK", "context":{"environment":"Prod_SoutheastAsia_000j", "migrationStage":"NotStarted", "server":"GENERAL0300000R"}}
{"logTime": "0402/050005", "correlationVector":"dZpzIbhpdRf6whtsJw476S.2","action":"GetUpdates Response", "result":"Success", "context":Received 10 update(s). cV=dZpzIbhpdRf6whtsJw476S.0;server=GENERAL0300000R;cloudType=Consumer;environment=Prod_SoutheastAsia_000j;migrationStage=NotStarted}
{"logTime": "0402/050005", "correlationVector":"OthKTCYGR1h5ZyBRGcUWHf","action":"Initial GetUpdates", "result":"", "context":Reason: NEWLY_SUPPORTED_DATATYPE. cV=OthKTCYGR1h5ZyBRGcUWHf}
{"logTime": "0402/050006", "correlationVector":"OthKTCYGR1h5ZyBRGcUWHf.1","action":"SyncServerConnectionManagerRequest", "result":"SYNC_SERVER_OK", "context":{"environment":"Prod_SoutheastAsia_000j", "migrationStage":"NotStarted", "server":"GENERAL0300000U"}}
{"logTime": "0402/050006", "correlationVector":"OthKTCYGR1h5ZyBRGcUWHf.2","action":"GetUpdates", "result":"DeleteReceived", "context":{"id":"64982bbb-3d8f-4e4f-96b1-f9b63d801cbf", "isDeleted:":"true", "version":"1704362625262"}}
{"logTime": "0402/050006", "correlationVector":"OthKTCYGR1h5ZyBRGcUWHf.3","action":"GetUpdates", "result":"DeleteReceived", "context":{"id":"043dd5e2-3967-4d92-8498-f40cf4d32782", "isDeleted:":"true", "version":"1705145529107"}}
{"logTime": "0402/050006", "correlationVector":"OthKTCYGR1h5ZyBRGcUWHf.4","action":"GetUpdates", "result":"DeleteReceived", "context":{"id":"f18b8704-08b0-4c55-8a33-3b53c9fb3642", "isDeleted:":"true", "version":"1705203317236"}}
{"logTime": "0402/050006", "correlationVector":"OthKTCYGR1h5ZyBRGcUWHf.5","action":"GetUpdates", "result":"DeleteReceived", "context":{"id":"54d3cff5-d9af-44f0-857c-5c2777bce08e", "isDeleted:":"true", "version":"1705203317237"}}
{"logTime": "0402/050006", "correlationVector":"OthKTCYGR1h5ZyBRGcUWHf.6","action":"GetUpdates", "result":"DeleteReceived", "context":{"id":"6c932de6-252c-477b-9cee-2c99805a705c", "isDeleted:":"true", "version":"1705203317238"}}
{"logTime": "0402/050006", "correlationVector":"OthKTCYGR1h5ZyBRGcUWHf.7","action":"GetUpdates", "result":"DeleteReceived", "context":{"id":"43fa6fe6-165a-42c1-b4f0-1b3499c23ce1", "isDeleted:":"true", "version":"1705203450934"}}
{"logTime": "0402/050006", "correlationVector":"OthKTCYGR1h5ZyBRGcUWHf.8","action":"GetUpdates", "result":"DeleteReceived", "context":{"id":"60115449-8796-47cb-9403-1cdcafb3d576", "isDeleted:":"true", "version":"1705253348622"}}
{"logTime": "0402/050006", "correlationVector":"OthKTCYGR1h5ZyBRGcUWHf.9","action":"GetUpdates", "result":"DeleteReceived", "context":{"id":"5fa8b6cf-7f77-45e5-84f3-f7c5c60252ed", "isDeleted:":"true", "version":"1705321222573"}}
{"logTime": "0402/050006", "correlationVector":"OthKTCYGR1h5ZyBRGcUWHf.10","action":"GetUpdates", "result":"DeleteReceived", "context":{"id":"6b3229bf-41f0-4eea-b856-ca6567ff0e8f", "isDeleted:":"true", "version":"1705321222574"}}
{"logTime": "0402/050006", "correlationVector":"OthKTCYGR1h5ZyBRGcUWHf.11","action":"GetUpdates", "result":"DeleteReceived", "context":{"id":"3473c147-a793-4960-b5dc-2ab8510aea48", "isDeleted:":"true", "version":"1706521564225"}}
{"logTime": "0402/050006", "correlationVector":"OthKTCYGR1h5ZyBRGcUWHf.12","action":"GetUpdates", "result":"DeleteReceived", "context":{"id":"b7fd1170-8fb0-4c2d-a8e4-8431bfe8136e", "isDeleted:":"true", "version":"1709715493388"}}
{"logTime": "0402/050006", "correlationVector":"OthKTCYGR1h5ZyBRGcUWHf.13","action":"GetUpdates", "result":"DeleteReceived", "context":{"id":"61a08d9b-92ac-47a5-b9b2-a653cb0f502e", "isDeleted:":"true", "version":"1709715493389"}}
{"logTime": "0402/050006", "correlationVector":"OthKTCYGR1h5ZyBRGcUWHf.14","action":"GetUpdates", "result":"DeleteReceived", "context":{"id":"95381383-627d-4161-aaad-461f9df06b32", "isDeleted:":"true", "version":"1709785111400"}}
{"logTime": "0402/050006", "correlationVector":"OthKTCYGR1h5ZyBRGcUWHf.15","action":"GetUpdates", "result":"DeleteReceived", "context":{"id":"3c4607c2-a2df-4fe3-a225-255e2886adda", "isDeleted:":"true", "version":"1709787016763"}}
{"logTime": "0402/050006", "correlationVector":"OthKTCYGR1h5ZyBRGcUWHf.16","action":"GetUpdates", "result":"DeleteReceived", "context":{"id":"93473605-6a4c-4265-9da6-4f7580363a1e", "isDeleted:":"true", "version":"1709969925681"}}
{"logTime": "0402/050006", "correlationVector":"OthKTCYGR1h5ZyBRGcUWHf.17","action":"GetUpdates", "result":"DeleteReceived", "context":{"id":"493635e3-ec42-4f1f-a78d-0dbd9becc637", "isDeleted:":"true", "version":"1710842265224"}}
{"logTime": "0402/050006", "correlationVector":"OthKTCYGR1h5ZyBRGcUWHf.18","action":"GetUpdates", "result":"DeleteReceived", "context":{"id":"b9a7fcc7-d104-4279-b85d-6e316fe3e24d", "isDeleted:":"true", "version":"1710845865235"}}
{"logTime": "0402/050006", "correlationVector":"OthKTCYGR1h5ZyBRGcUWHf.19","action":"GetUpdates", "result":"DeleteReceived", "context":{"id":"d92f59ac-981a-4b65-a620-5ed7d1c9c548", "isDeleted:":"true", "version":"1710845865236"}}
{"logTime": "0402/050006", "correlationVector":"OthKTCYGR1h5ZyBRGcUWHf.20","action":"GetUpdates", "result":"DeleteReceived", "context":{"id":"e73cda70-5daf-421a-8a7c-fa75c1432ded", "isDeleted:":"true", "version":"1710851353440"}}
{"logTime": "0402/050006", "correlationVector":"OthKTCYGR1h5ZyBRGcUWHf.21","action":"GetUpdates", "result":"DeleteReceived", "context":{"id":"acbb1334-6297-45e6-bc04-a94847d2bbab", "isDeleted:":"true", "version":"1710853335760"}}
{"logTime": "0402/050006", "correlationVector":"OthKTCYGR1h5ZyBRGcUWHf.22","action":"GetUpdates", "result":"DeleteReceived", "context":{"id":"7c710423-df02-4c83-a1d6-189a690dc7f5", "isDeleted:":"true", "version":"1710853335761"}}
{"logTime": "0402/050006", "correlationVector":"OthKTCYGR1h5ZyBRGcUWHf.23","action":"GetUpdates", "result":"DeleteReceived", "context":{"id":"6b579cf0-ce84-461a-8b92-3a25c0b4ca73", "isDeleted:":"true", "version":"1711000153887"}}
{"logTime": "0402/050006", "correlationVector":"OthKTCYGR1h5ZyBRGcUWHf.24","action":"GetUpdates", "result":"DeleteReceived", "context":{"id":"9ff9ae1c-93fe-46a3-bc8f-60e65fb6beda", "isDeleted:":"true", "version":"1711000153888"}}
{"logTime": "0402/050006", "correlationVector":"OthKTCYGR1h5ZyBRGcUWHf.25","action":"GetUpdates", "result":"DeleteReceived", "context":{"id":"63415383-48c9-4641-b705-3b920f388caf", "isDeleted:":"true", "version":"1711296216120"}}
{"logTime": "0402/050006", "correlationVector":"OthKTCYGR1h5ZyBRGcUWHf.26","action":"GetUpdates", "result":"DeleteReceived", "context":{"id":"82f5c0f3-b742-4aaf-b5c6-104494c12bdc", "isDeleted:":"true", "version":"1711296542285"}}
{"logTime": "0402/050006", "correlationVector":"OthKTCYGR1h5ZyBRGcUWHf.27","action":"GetUpdates", "result":"DeleteReceived", "context":{"id":"7dc4f5f3-7b75-4b4c-990b-503f7110f1d2", "isDeleted:":"true", "version":"1711296547005"}}
{"logTime": "0402/050006", "correlationVector":"OthKTCYGR1h5ZyBRGcUWHf.28","action":"GetUpdates", "result":"DeleteReceived", "context":{"id":"dc7e7212-571d-4a3c-b357-7ef7f5ee59a3", "isDeleted:":"true", "version":"1711296547006"}}
{"logTime": "0402/050006", "correlationVector":"OthKTCYGR1h5ZyBRGcUWHf.29","action":"GetUpdates", "result":"DeleteReceived", "context":{"id":"558d2956-0531-48fe-8e41-1274fcbae600", "isDeleted:":"true", "version":"1711296547007"}}
{"logTime": "0402/050006", "correlationVector":"OthKTCYGR1h5ZyBRGcUWHf.30","action":"GetUpdates", "result":"DeleteReceived", "context":{"id":"d31cad1b-53fc-4821-897f-9c825f521d36", "isDeleted:":"true", "version":"1711296580249"}}
{"logTime": "0402/050006", "correlationVector":"OthKTCYGR1h5ZyBRGcUWHf.31","action":"GetUpdates", "result":"DeleteReceived", "context":{"id":"967468ca-e3df-4757-b6b3-0e0c8da5e2ad", "isDeleted:":"true", "version":"1711296709460"}}
{"logTime": "0402/050006", "correlationVector":"OthKTCYGR1h5ZyBRGcUWHf.32","action":"GetUpdates", "result":"DeleteReceived", "context":{"id":"b2faba42-0cac-4bb9-8837-b990874d2b8a", "isDeleted:":"true", "version":"1711297566511"}}
{"logTime": "0402/050006", "correlationVector":"OthKTCYGR1h5ZyBRGcUWHf.33","action":"GetUpdates", "result":"DeleteReceived", "context":{"id":"5288cbac-5a49-4cf0-90f7-a411e9e5f9e7", "isDeleted:":"true", "version":"1711297714541"}}
{"logTime": "0402/050006", "correlationVector":"OthKTCYGR1h5ZyBRGcUWHf.34","action":"GetUpdates", "result":"DeleteReceived", "context":{"id":"5bb6b861-df54-46f8-b06b-c1bb4ee9a832", "isDeleted:":"true", "version":"1711327382676"}}
{"logTime": "0402/050006", "correlationVector":"OthKTCYGR1h5ZyBRGcUWHf.35","action":"GetUpdates", "result":"DeleteReceived", "context":{"id":"720d125a-1ee4-476a-a7b0-ed2435ebe321", "isDeleted:":"true", "version":"1711327382677"}}
{"logTime": "0402/050006", "correlationVector":"OthKTCYGR1h5ZyBRGcUWHf.36","action":"GetUpdates", "result":"DeleteReceived", "context":{"id":"e0ed701c-9ea5-435f-8ed0-c23ea073b952", "isDeleted:":"true", "version":"1711791487678"}}
{"logTime": "0402/050006", "correlationVector":"OthKTCYGR1h5ZyBRGcUWHf.37","action":"GetUpdates", "result":"DeleteReceived", "context":{"id":"cf692569-e804-4231-a750-22905a684758", "isDeleted:":"true", "version":"1711793214828"}}
{"logTime": "0402/050006", "correlationVector":"OthKTCYGR1h5ZyBRGcUWHf.38","action":"GetUpdates", "result":"DeleteReceived", "context":{"id":"e72f404e-fdba-4a66-b31b-4021f425c018", "isDeleted:":"true", "version":"1711870723753"}}
{"logTime": "0402/050006", "correlationVector":"OthKTCYGR1h5ZyBRGcUWHf.39","action":"GetUpdates", "result":"DeleteReceived", "context":{"id":"591a8fb9-6254-49cc-abe2-99c7fcdc7cd6", "isDeleted:":"true", "version":"1711978576414"}}
{"logTime": "0402/050006", "correlationVector":"OthKTCYGR1h5ZyBRGcUWHf.40","action":"GetUpdates Response", "result":"Success", "context":Received 65 update(s). cV=OthKTCYGR1h5ZyBRGcUWHf.0;server=GENERAL0300000U;cloudType=Consumer;environment=Prod_SoutheastAsia_000j;migrationStage=NotStarted}
{"logTime": "0402/050006", "correlationVector":"Mn0YVkgGCevkG6ZufyNp1s","action":"Normal GetUpdate request", "result":"", "context":cV=Mn0YVkgGCevkG6ZufyNp1s
Nudged types: Bookmarks, Sessions, Device Info
Refresh requested types: Bookmarks, Preferences, Passwords, Autofill Profiles, Typed URLs, Extensions, Sessions, Extension settings, History Delete Directives, Device Info, User Consents, Send Tab To Self, Web Apps, Collection, Edge E Drop, Edge Hub App Usage, Edge Tab Group, Edge Wallet, Encryption Keys}
{"logTime": "0402/050006", "correlationVector":"Mn0YVkgGCevkG6ZufyNp1s.1","action":"SyncServerConnectionManagerRequest", "result":"SYNC_SERVER_OK", "context":{"environment":"Prod_SoutheastAsia_000j", "migrationStage":"NotStarted", "server":"GENERAL0300000N"}}
{"logTime": "0402/050006", "correlationVector":"Mn0YVkgGCevkG6ZufyNp1s.2","action":"GetUpdates Response", "result":"Success", "context":Received 0 update(s). cV=Mn0YVkgGCevkG6ZufyNp1s.0;server=GENERAL0300000N;cloudType=Consumer;environment=Prod_SoutheastAsia_000j;migrationStage=NotStarted}
{"logTime": "0402/050006", "correlationVector":"jVvyhhZ5FyvNqwuF8MmqBZ","action":"Commit Request", "result":"", "context":Item count: 5
Contributing types: Bookmarks, Sessions, Device Info}
{"logTime": "0402/050007", "correlationVector":"jVvyhhZ5FyvNqwuF8MmqBZ.1","action":"SyncServerConnectionManagerRequest", "result":"SYNC_SERVER_OK", "context":{"environment":"Prod_SoutheastAsia_000j", "migrationStage":"NotStarted", "server":"GENERAL0100000R"}}
{"logTime": "0402/050007", "correlationVector":"jVvyhhZ5FyvNqwuF8MmqBZ.2","action":"Commit Response", "result":"Success", "context":Result: Success. cV=jVvyhhZ5FyvNqwuF8MmqBZ.0;server=GENERAL0100000R;cloudType=Consumer;environment=Prod_SoutheastAsia_000j;migrationStage=NotStarted}
{"logTime": "0402/050436", "correlationVector":"qOqAIGeAxBxnWWbBmmPKj6","action":"Commit Request", "result":"", "context":Item count: 1
Contributing types: Sessions}
{"logTime": "0402/050436", "correlationVector":"qOqAIGeAxBxnWWbBmmPKj6.1","action":"SyncServerConnectionManagerRequest", "result":"SYNC_SERVER_OK", "context":{"environment":"Prod_SoutheastAsia_000j", "migrationStage":"NotStarted", "server":"GENERAL0100000T"}}
{"logTime": "0402/050436", "correlationVector":"qOqAIGeAxBxnWWbBmmPKj6.2","action":"Commit Response", "result":"Success", "context":Result: Success. cV=qOqAIGeAxBxnWWbBmmPKj6.0;server=GENERAL0100000T;cloudType=Consumer;environment=Prod_SoutheastAsia_000j;migrationStage=NotStarted}
{"logTime": "0402/050455", "correlationVector":"YdQYQKGu65cFBg2YkIjBpr","action":"Normal GetUpdate request", "result":"", "context":cV=YdQYQKGu65cFBg2YkIjBpr
Refresh requested types: Bookmarks, Preferences, Passwords, Autofill Profiles, Typed URLs, Extensions, Sessions, Extension settings, History Delete Directives, Device Info, User Consents, Send Tab To Self, Web Apps, Collection, Edge E Drop, Edge Hub App Usage, Edge Tab Group, Edge Wallet, Encryption Keys}
{"logTime": "0402/050455", "correlationVector":"YdQYQKGu65cFBg2YkIjBpr.1","action":"SyncServerConnectionManagerRequest", "result":"SYNC_SERVER_OK", "context":{"environment":"Prod_SoutheastAsia_000j", "migrationStage":"NotStarted", "server":"GENERAL0100000H"}}
{"logTime": "0402/050455", "correlationVector":"YdQYQKGu65cFBg2YkIjBpr.2","action":"GetUpdates Response", "result":"Success", "context":Received 5 update(s). cV=YdQYQKGu65cFBg2YkIjBpr.0;server=GENERAL0100000H;cloudType=Consumer;environment=Prod_SoutheastAsia_000j;migrationStage=NotStarted}
{"logTime": "0402/050825", "correlationVector":"Od9JXROd1aAidNgWtVw4ba","action":"Commit Request", "result":"", "context":Item count: 1
Contributing types: Sessions}
{"logTime": "0402/050825", "correlationVector":"Od9JXROd1aAidNgWtVw4ba.1","action":"SyncServerConnectionManagerRequest", "result":"SYNC_SERVER_OK", "context":{"environment":"Prod_SoutheastAsia_000j", "migrationStage":"NotStarted", "server":"GENERAL0100001J"}}
{"logTime": "0402/050825", "correlationVector":"Od9JXROd1aAidNgWtVw4ba.2","action":"Commit Response", "result":"Success", "context":Result: Success. cV=Od9JXROd1aAidNgWtVw4ba.0;server=GENERAL0100001J;cloudType=Consumer;environment=Prod_SoutheastAsia_000j;migrationStage=NotStarted}
{"logTime": "0402/050857", "correlationVector":"4foP3v07Hk7Y819OKsHQdF","action":"Commit Request", "result":"", "context":Item count: 1
Contributing types: Sessions}
{"logTime": "0402/050857", "correlationVector":"4foP3v07Hk7Y819OKsHQdF.1","action":"SyncServerConnectionManagerRequest", "result":"SYNC_SERVER_OK", "context":{"environment":"Prod_SoutheastAsia_000j", "migrationStage":"NotStarted", "server":"GENERAL0100001C"}}
{"logTime": "0402/050857", "correlationVector":"4foP3v07Hk7Y819OKsHQdF.2","action":"Commit Response", "result":"Success", "context":Result: Success. cV=4foP3v07Hk7Y819OKsHQdF.0;server=GENERAL0100001C;cloudType=Consumer;environment=Prod_SoutheastAsia_000j;migrationStage=NotStarted}
{"logTime": "0402/051021", "correlationVector":"AiOYgfzthbpQUjvUY0EbYQ","action":"Commit Request", "result":"", "context":Item count: 1
Contributing types: Sessions}
{"logTime": "0402/051022", "correlationVector":"AiOYgfzthbpQUjvUY0EbYQ.1","action":"SyncServerConnectionManagerRequest", "result":"SYNC_SERVER_OK", "context":{"environment":"Prod_SoutheastAsia_000j", "migrationStage":"NotStarted", "server":"GENERAL01000000"}}
{"logTime": "0402/051022", "correlationVector":"AiOYgfzthbpQUjvUY0EbYQ.2","action":"Commit Response", "result":"Success", "context":Result: Success. cV=AiOYgfzthbpQUjvUY0EbYQ.0;server=GENERAL01000000;cloudType=Consumer;environment=Prod_SoutheastAsia_000j;migrationStage=NotStarted}
{"logTime": "0402/051107", "correlationVector":"MLz1WQEbtKBlv4HUjoNbCQ","action":"Commit Request", "result":"", "context":Item count: 1
Contributing types: Sessions}
{"logTime": "0402/051108", "correlationVector":"MLz1WQEbtKBlv4HUjoNbCQ.1","action":"SyncServerConnectionManagerRequest", "result":"SYNC_SERVER_OK", "context":{"environment":"Prod_SoutheastAsia_000j", "migrationStage":"NotStarted", "server":"GENERAL01000004"}}
{"logTime": "0402/051108", "correlationVector":"MLz1WQEbtKBlv4HUjoNbCQ.2","action":"Commit Response", "result":"Success", "context":Result: Success. cV=MLz1WQEbtKBlv4HUjoNbCQ.0;server=GENERAL01000004;cloudType=Consumer;environment=Prod_SoutheastAsia_000j;migrationStage=NotStarted}
{"logTime": "0402/051250", "correlationVector":"f8NLjiIF68/nivZP6kvVBu","action":"Normal GetUpdate request", "result":"", "context":cV=f8NLjiIF68/nivZP6kvVBu
Nudged types: Sessions
Notified types: Preferences}
{"logTime": "0402/051250", "correlationVector":"f8NLjiIF68/nivZP6kvVBu.1","action":"SyncServerConnectionManagerRequest", "result":"SYNC_SERVER_OK", "context":{"environment":"Prod_EastAsia_000d", "migrationStage":"NotStarted", "server":"GENERAL0100000N"}}
{"logTime": "0402/051250", "correlationVector":"f8NLjiIF68/nivZP6kvVBu.2","action":"GetUpdates Response", "result":"Success", "context":Received 2 update(s). cV=f8NLjiIF68/nivZP6kvVBu.0;server=GENERAL0100000N;cloudType=Consumer;environment=Prod_EastAsia_000d;migrationStage=NotStarted}
{"logTime": "0402/051250", "correlationVector":"9Xycvzf5jzn7crgfRUGcZ7","action":"Commit Request", "result":"", "context":Item count: 1
Contributing types: Sessions}
{"logTime": "0402/051251", "correlationVector":"9Xycvzf5jzn7crgfRUGcZ7.1","action":"SyncServerConnectionManagerRequest", "result":"SYNC_SERVER_OK", "context":{"environment":"Prod_EastAsia_000d", "migrationStage":"NotStarted", "server":"GENERAL01000028"}}
{"logTime": "0402/051251", "correlationVector":"9Xycvzf5jzn7crgfRUGcZ7.2","action":"Commit Response", "result":"Success", "context":Result: Success. cV=9Xycvzf5jzn7crgfRUGcZ7.0;server=GENERAL01000028;cloudType=Consumer;environment=Prod_EastAsia_000d;migrationStage=NotStarted}
{"logTime": "0402/052053", "correlationVector":"aEPvWzLFFn2rffgNWormW2","action":"Commit Request", "result":"", "context":Item count: 1
Contributing types: Sessions}
{"logTime": "0402/052054", "correlationVector":"aEPvWzLFFn2rffgNWormW2.1","action":"SyncServerConnectionManagerRequest", "result":"SYNC_SERVER_OK", "context":{"environment":"Prod_SoutheastAsia_000j", "migrationStage":"NotStarted", "server":"GENERAL01000015"}}
{"logTime": "0402/052054", "correlationVector":"aEPvWzLFFn2rffgNWormW2.2","action":"Commit Response", "result":"Success", "context":Result: Success. cV=aEPvWzLFFn2rffgNWormW2.0;server=GENERAL01000015;cloudType=Consumer;environment=Prod_SoutheastAsia_000j;migrationStage=NotStarted}
{"logTime": "0402/054650", "correlationVector":"rxjwVIASWhbxLBEtflxujz.1","action":"SyncServerConnectionManagerRequest", "result":"SYNC_SERVER_OK", "context":{"environment":"Prod_SoutheastAsia_000j", "migrationStage":"NotStarted", "server":"GENERAL0300002A"}}
{"logTime": "0402/054650", "correlationVector":"rxjwVIASWhbxLBEtflxujz","action":"Initial GetUpdates", "result":"", "context":Reason: NEW_CLIENT. cV=rxjwVIASWhbxLBEtflxujz}
{"logTime": "0402/054650", "correlationVector":"rxjwVIASWhbxLBEtflxujz.2","action":"GetUpdates Response", "result":"Success", "context":Received 1 update(s). cV=rxjwVIASWhbxLBEtflxujz.0;server=GENERAL0300002A;cloudType=Consumer;environment=Prod_SoutheastAsia_000j;migrationStage=NotStarted}
{"logTime": "0402/054650", "correlationVector":"ZU/C0JwIAnOcEZAYbVuK0z","action":"Initial GetUpdates", "result":"", "context":Reason: NEWLY_SUPPORTED_DATATYPE. cV=ZU/C0JwIAnOcEZAYbVuK0z}
{"logTime": "0402/054650", "correlationVector":"ZU/C0JwIAnOcEZAYbVuK0z.1","action":"SyncServerConnectionManagerRequest", "result":"SYNC_SERVER_OK", "context":{"environment":"Prod_SoutheastAsia_000j", "migrationStage":"NotStarted", "server":"GENERAL0300000D"}}
{"logTime": "0402/054650", "correlationVector":"ZU/C0JwIAnOcEZAYbVuK0z.2","action":"GetUpdates", "result":"DeleteReceived", "context":{"id":"b0b79834-4d02-45d9-a0ad-3af96dca6194", "isDeleted:":"true", "version":"1704362622549"}}
{"logTime": "0402/054650", "correlationVector":"ZU/C0JwIAnOcEZAYbVuK0z.3","action":"GetUpdates Response", "result":"Success", "context":Received 52 update(s). cV=ZU/C0JwIAnOcEZAYbVuK0z.0;server=GENERAL0300000D;cloudType=Consumer;environment=Prod_SoutheastAsia_000j;migrationStage=NotStarted}
{"logTime": "0402/054650", "correlationVector":"zXhQLY873Ei1wojaSbo0zn","action":"Initial GetUpdates", "result":"", "context":Reason: NEWLY_SUPPORTED_DATATYPE. cV=zXhQLY873Ei1wojaSbo0zn}
{"logTime": "0402/054650", "correlationVector":"zXhQLY873Ei1wojaSbo0zn.1","action":"SyncServerConnectionManagerRequest", "result":"SYNC_SERVER_OK", "context":{"environment":"Prod_SoutheastAsia_000j", "migrationStage":"NotStarted", "server":"GENERAL0300001P"}}
{"logTime": "0402/054650", "correlationVector":"zXhQLY873Ei1wojaSbo0zn.2","action":"GetUpdates Response", "result":"Success", "context":Received 0 update(s). cV=zXhQLY873Ei1wojaSbo0zn.0;server=GENERAL0300001P;cloudType=Consumer;environment=Prod_SoutheastAsia_000j;migrationStage=NotStarted}
{"logTime": "0402/054650", "correlationVector":"tboUUXV92C4GrHt/IaGLE1","action":"SyncServerConnectionManagerRequest", "result":"SYNC_SERVER_OK", "context":{"environment":"", "migrationStage":"", "server":""}}
{"logTime": "0402/054650", "correlationVector":"rSYm6s42Mur4zpW3AG1nyp","action":"Normal GetUpdate request", "result":"", "context":cV=rSYm6s42Mur4zpW3AG1nyp
Nudged types: Sessions
Refresh requested types: Bookmarks, Preferences, Passwords, Autofill Profiles, Typed URLs, Extensions, Sessions, Extension settings, History Delete Directives, Device Info, User Consents, Send Tab To Self, Web Apps, Collection, Edge E Drop, Edge Hub App Usage, Edge Tab Group, Edge Wallet, Encryption Keys}
{"logTime": "0402/054650", "correlationVector":"rSYm6s42Mur4zpW3AG1nyp.1","action":"SyncServerConnectionManagerRequest", "result":"SYNC_SERVER_OK", "context":{"environment":"Prod_SoutheastAsia_000j", "migrationStage":"NotStarted", "server":"GENERAL01000018"}}
{"logTime": "0402/054650", "correlationVector":"rSYm6s42Mur4zpW3AG1nyp.2","action":"GetUpdates Response", "result":"Success", "context":Received 1 update(s). cV=rSYm6s42Mur4zpW3AG1nyp.0;server=GENERAL01000018;cloudType=Consumer;environment=Prod_SoutheastAsia_000j;migrationStage=NotStarted}
{"logTime": "0402/054650", "correlationVector":"PQJALDHqcIB7p2dHPFnuP7","action":"Commit Request", "result":"", "context":Item count: 3
Contributing types: Sessions}
{"logTime": "0402/054650", "correlationVector":"PQJALDHqcIB7p2dHPFnuP7.1","action":"SyncServerConnectionManagerRequest", "result":"SYNC_SERVER_OK", "context":{"environment":"Prod_SoutheastAsia_000j", "migrationStage":"NotStarted", "server":"GENERAL0100000S"}}
{"logTime": "0402/054650", "correlationVector":"PQJALDHqcIB7p2dHPFnuP7.2","action":"Commit Response", "result":"Success", "context":Result: Success. cV=PQJALDHqcIB7p2dHPFnuP7.0;server=GENERAL0100000S;cloudType=Consumer;environment=Prod_SoutheastAsia_000j;migrationStage=NotStarted}
{"logTime": "0402/054650", "correlationVector":"PQJALDHqcIB7p2dHPFnuP7.3","action":"Commit.Sessions", "result":"Success", "context":{"id":"ee366d95-f6be-43ba-8062-6a831521a445", "isDeleted":"true", "size":"0", "version":"1712035253168"}}
{"logTime": "0402/054650", "correlationVector":"Ds/xT8o4QpEf63WhMz1/U5","action":"Normal GetUpdate request", "result":"", "context":cV=Ds/xT8o4QpEf63WhMz1/U5
Nudged types: Sessions
Refresh requested types: Bookmarks, Preferences, Passwords, Autofill Profiles, Typed URLs, Extensions, Sessions, Extension settings, History Delete Directives, Device Info, User Consents, Send Tab To Self, Web Apps, Collection, Edge E Drop, Edge Hub App Usage, Edge Tab Group, Edge Wallet, Encryption Keys}
{"logTime": "0402/054650", "correlationVector":"Ds/xT8o4QpEf63WhMz1/U5.1","action":"SyncServerConnectionManagerRequest", "result":"SYNC_SERVER_OK", "context":{"environment":"Prod_SoutheastAsia_000j", "migrationStage":"NotStarted", "server":"GENERAL0100001J"}}
{"logTime": "0402/054650", "correlationVector":"Ds/xT8o4QpEf63WhMz1/U5.2","action":"GetUpdates", "result":"DeleteReceived", "context":{"id":"ee366d95-f6be-43ba-8062-6a831521a445", "isDeleted:":"true", "version":"1712036804991"}}
{"logTime": "0402/054650", "correlationVector":"Ds/xT8o4QpEf63WhMz1/U5.3","action":"GetUpdates Response", "result":"Success", "context":Received 3 update(s). cV=Ds/xT8o4QpEf63WhMz1/U5.0;server=GENERAL0100001J;cloudType=Consumer;environment=Prod_SoutheastAsia_000j;migrationStage=NotStarted}
{"logTime": "0402/054715", "correlationVector":"AI0MN2TL+OFfsOcss94VKv","action":"Commit Request", "result":"", "context":Item count: 1
Contributing types: Sessions}
{"logTime": "0402/054715", "correlationVector":"AI0MN2TL+OFfsOcss94VKv.1","action":"SyncServerConnectionManagerRequest", "result":"SYNC_SERVER_OK", "context":{"environment":"Prod_SoutheastAsia_000j", "migrationStage":"NotStarted", "server":"GENERAL0100001F"}}
{"logTime": "0402/054715", "correlationVector":"AI0MN2TL+OFfsOcss94VKv.2","action":"Commit Response", "result":"Success", "context":Result: Success. cV=AI0MN2TL+OFfsOcss94VKv.0;server=GENERAL0100001F;cloudType=Consumer;environment=Prod_SoutheastAsia_000j;migrationStage=NotStarted}
{"logTime": "0402/055446", "correlationVector":"fjX30mewXnzFda9Os3PWzz.1","action":"SyncServerConnectionManagerRequest", "result":"SYNC_SERVER_OK", "context":{"environment":"Prod_SoutheastAsia_000j", "migrationStage":"NotStarted", "server":"GENERAL0300001V"}}
{"logTime": "0402/055446", "correlationVector":"fjX30mewXnzFda9Os3PWzz","action":"Initial GetUpdates", "result":"", "context":Reason: NEW_CLIENT. cV=fjX30mewXnzFda9Os3PWzz}
{"logTime": "0402/055446", "correlationVector":"fjX30mewXnzFda9Os3PWzz.2","action":"GetUpdates Response", "result":"Success", "context":Received 1 update(s). cV=fjX30mewXnzFda9Os3PWzz.0;server=GENERAL0300001V;cloudType=Consumer;environment=Prod_SoutheastAsia_000j;migrationStage=NotStarted}
{"logTime": "0402/055446", "correlationVector":"IrXApP35Lip2fPGtpoJOsX","action":"SyncServerConnectionManagerRequest", "result":"SYNC_SERVER_OK", "context":{"environment":"", "migrationStage":"", "server":""}}
{"logTime": "0402/055446", "correlationVector":"ietGb+PkHdLAGHCRSqz4QH","action":"Initial GetUpdates", "result":"", "context":Reason: NEWLY_SUPPORTED_DATATYPE. cV=ietGb+PkHdLAGHCRSqz4QH}
{"logTime": "0402/055446", "correlationVector":"ietGb+PkHdLAGHCRSqz4QH.1","action":"SyncServerConnectionManagerRequest", "result":"SYNC_SERVER_OK", "context":{"environment":"Prod_SoutheastAsia_000j", "migrationStage":"NotStarted", "server":"GENERAL0300001C"}}
{"logTime": "0402/055446", "correlationVector":"ietGb+PkHdLAGHCRSqz4QH.2","action":"GetUpdates", "result":"DeleteReceived", "context":{"id":"b0b79834-4d02-45d9-a0ad-3af96dca6194", "isDeleted:":"true", "version":"1704362622549"}}
{"logTime": "0402/055446", "correlationVector":"ietGb+PkHdLAGHCRSqz4QH.3","action":"GetUpdates Response", "result":"Success", "context":Received 52 update(s). cV=ietGb+PkHdLAGHCRSqz4QH.0;server=GENERAL0300001C;cloudType=Consumer;environment=Prod_SoutheastAsia_000j;migrationStage=NotStarted}
{"logTime": "0402/055446", "correlationVector":"qOqJiEAFlrs8aTQw/Y/oWn","action":"Initial GetUpdates", "result":"", "context":Reason: NEWLY_SUPPORTED_DATATYPE. cV=qOqJiEAFlrs8aTQw/Y/oWn}
{"logTime": "0402/055446", "correlationVector":"qOqJiEAFlrs8aTQw/Y/oWn.1","action":"SyncServerConnectionManagerRequest", "result":"SYNC_SERVER_OK", "context":{"environment":"Prod_SoutheastAsia_000j", "migrationStage":"NotStarted", "server":"GENERAL03000000"}}
{"logTime": "0402/055446", "correlationVector":"qOqJiEAFlrs8aTQw/Y/oWn.2","action":"GetUpdates Response", "result":"Success", "context":Received 0 update(s). cV=qOqJiEAFlrs8aTQw/Y/oWn.0;server=GENERAL03000000;cloudType=Consumer;environment=Prod_SoutheastAsia_000j;migrationStage=NotStarted}
{"logTime": "0402/055446", "correlationVector":"Epmutbj2FKnrQjqp1zYArR","action":"Normal GetUpdate request", "result":"", "context":cV=Epmutbj2FKnrQjqp1zYArR
Nudged types: Sessions
Refresh requested types: Bookmarks, Preferences, Passwords, Autofill Profiles, Typed URLs, Extensions, Sessions, Extension settings, History Delete Directives, Device Info, User Consents, Send Tab To Self, Web Apps, Collection, Edge E Drop, Edge Hub App Usage, Edge Tab Group, Edge Wallet, Encryption Keys}
{"logTime": "0402/055446", "correlationVector":"Epmutbj2FKnrQjqp1zYArR.1","action":"SyncServerConnectionManagerRequest", "result":"SYNC_SERVER_OK", "context":{"environment":"Prod_SoutheastAsia_000j", "migrationStage":"NotStarted", "server":"GENERAL01000003"}}
{"logTime": "0402/055446", "correlationVector":"Epmutbj2FKnrQjqp1zYArR.2","action":"GetUpdates Response", "result":"Success", "context":Received 1 update(s). cV=Epmutbj2FKnrQjqp1zYArR.0;server=GENERAL01000003;cloudType=Consumer;environment=Prod_SoutheastAsia_000j;migrationStage=NotStarted}
{"logTime": "0402/055446", "correlationVector":"Y4As1f/RQsmcqCC2ReiqxH","action":"Commit Request", "result":"", "context":Item count: 3
Contributing types: Sessions}
{"logTime": "0402/055446", "correlationVector":"Y4As1f/RQsmcqCC2ReiqxH.1","action":"SyncServerConnectionManagerRequest", "result":"SYNC_SERVER_OK", "context":{"environment":"Prod_SoutheastAsia_000j", "migrationStage":"NotStarted", "server":"GENERAL0300002H"}}
{"logTime": "0402/055446", "correlationVector":"Y4As1f/RQsmcqCC2ReiqxH.3","action":"Commit.Sessions", "result":"Success", "context":{"id":"01b0ebef-649a-4c4d-9936-580c4a2fa2ce", "isDeleted":"true", "size":"0", "version":"1712036834680"}}
{"logTime": "0402/055446", "correlationVector":"Y4As1f/RQsmcqCC2ReiqxH.2","action":"Commit Response", "result":"Success", "context":Result: Success. cV=Y4As1f/RQsmcqCC2ReiqxH.0;server=GENERAL0300002H;cloudType=Consumer;environment=Prod_SoutheastAsia_000j;migrationStage=NotStarted}
{"logTime": "0402/055511", "correlationVector":"UQaB1WFgvKQqgGGIW7Eyed","action":"Normal GetUpdate request", "result":"", "context":cV=UQaB1WFgvKQqgGGIW7Eyed
Nudged types: Sessions}
{"logTime": "0402/055511", "correlationVector":"UQaB1WFgvKQqgGGIW7Eyed.1","action":"SyncServerConnectionManagerRequest", "result":"SYNC_SERVER_OK", "context":{"environment":"Prod_SoutheastAsia_000j", "migrationStage":"NotStarted", "server":"GENERAL0100001K"}}
{"logTime": "0402/055511", "correlationVector":"UQaB1WFgvKQqgGGIW7Eyed.2","action":"GetUpdates", "result":"DeleteReceived", "context":{"id":"01b0ebef-649a-4c4d-9936-580c4a2fa2ce", "isDeleted:":"true", "version":"1712037280261"}}
{"logTime": "0402/055511", "correlationVector":"UQaB1WFgvKQqgGGIW7Eyed.3","action":"GetUpdates Response", "result":"Success", "context":Received 3 update(s). cV=UQaB1WFgvKQqgGGIW7Eyed.0;server=GENERAL0100001K;cloudType=Consumer;environment=Prod_SoutheastAsia_000j;migrationStage=NotStarted}
{"logTime": "0402/055511", "correlationVector":"xkIG9gr8uGVnePAePwu+v7","action":"Commit Request", "result":"", "context":Item count: 1
Contributing types: Sessions}
{"logTime": "0402/055512", "correlationVector":"xkIG9gr8uGVnePAePwu+v7.1","action":"SyncServerConnectionManagerRequest", "result":"SYNC_SERVER_OK", "context":{"environment":"Prod_SoutheastAsia_000j", "migrationStage":"NotStarted", "server":"GENERAL0100000Y"}}
{"logTime": "0402/055512", "correlationVector":"xkIG9gr8uGVnePAePwu+v7.2","action":"Commit Response", "result":"Success", "context":Result: Success. cV=xkIG9gr8uGVnePAePwu+v7.0;server=GENERAL0100000Y;cloudType=Consumer;environment=Prod_SoutheastAsia_000j;migrationStage=NotStarted}
{"logTime": "0402/055649", "correlationVector":"66/EQ8Q2D3tXJlTdyrher7.1","action":"SyncServerConnectionManagerRequest", "result":"SYNC_SERVER_OK", "context":{"environment":"Prod_SoutheastAsia_000j", "migrationStage":"NotStarted", "server":"GENERAL03000026"}}
{"logTime": "0402/055649", "correlationVector":"66/EQ8Q2D3tXJlTdyrher7","action":"Initial GetUpdates", "result":"", "context":Reason: NEW_CLIENT. cV=66/EQ8Q2D3tXJlTdyrher7}
{"logTime": "0402/055649", "correlationVector":"66/EQ8Q2D3tXJlTdyrher7.2","action":"GetUpdates Response", "result":"Success", "context":Received 1 update(s). cV=66/EQ8Q2D3tXJlTdyrher7.0;server=GENERAL03000026;cloudType=Consumer;environment=Prod_SoutheastAsia_000j;migrationStage=NotStarted}
{"logTime": "0402/055649", "correlationVector":"9A2GOkTdU4pIpwPqcdu7SO","action":"Initial GetUpdates", "result":"", "context":Reason: NEWLY_SUPPORTED_DATATYPE. cV=9A2GOkTdU4pIpwPqcdu7SO}
{"logTime": "0402/055649", "correlationVector":"9A2GOkTdU4pIpwPqcdu7SO.1","action":"SyncServerConnectionManagerRequest", "result":"SYNC_SERVER_OK", "context":{"environment":"Prod_SoutheastAsia_000j", "migrationStage":"NotStarted", "server":"general0100000B"}}
{"logTime": "0402/055649", "correlationVector":"9A2GOkTdU4pIpwPqcdu7SO.2","action":"GetUpdates", "result":"DeleteReceived", "context":{"id":"b0b79834-4d02-45d9-a0ad-3af96dca6194", "isDeleted:":"true", "version":"1704362622549"}}
{"logTime": "0402/055649", "correlationVector":"9A2GOkTdU4pIpwPqcdu7SO.3","action":"GetUpdates Response", "result":"Success", "context":Received 52 update(s). cV=9A2GOkTdU4pIpwPqcdu7SO.0;server=general0100000B;cloudType=Consumer;environment=Prod_SoutheastAsia_000j;migrationStage=NotStarted}
{"logTime": "0402/055649", "correlationVector":"pss2poRVTepccNZj6uiYbE","action":"SyncServerConnectionManagerRequest", "result":"SYNC_SERVER_OK", "context":{"environment":"", "migrationStage":"", "server":""}}
{"logTime": "0402/055649", "correlationVector":"deW5UJXgS8oBg1RtTdCNt3","action":"Initial GetUpdates", "result":"", "context":Reason: NEWLY_SUPPORTED_DATATYPE. cV=deW5UJXgS8oBg1RtTdCNt3}
{"logTime": "0402/055649", "correlationVector":"deW5UJXgS8oBg1RtTdCNt3.1","action":"SyncServerConnectionManagerRequest", "result":"SYNC_SERVER_OK", "context":{"environment":"Prod_SoutheastAsia_000j", "migrationStage":"NotStarted", "server":"GENERAL0100000I"}}
{"logTime": "0402/055649", "correlationVector":"deW5UJXgS8oBg1RtTdCNt3.2","action":"GetUpdates Response", "result":"Success", "context":Received 0 update(s). cV=deW5UJXgS8oBg1RtTdCNt3.0;server=GENERAL0100000I;cloudType=Consumer;environment=Prod_SoutheastAsia_000j;migrationStage=NotStarted}
{"logTime": "0402/055649", "correlationVector":"5SxZ8AzF+/vztfOmd7X7rn","action":"Normal GetUpdate request", "result":"", "context":cV=5SxZ8AzF+/vztfOmd7X7rn
Nudged types: Sessions
Refresh requested types: Bookmarks, Preferences, Passwords, Autofill Profiles, Typed URLs, Extensions, Sessions, Extension settings, History Delete Directives, Device Info, User Consents, Send Tab To Self, Web Apps, Collection, Edge E Drop, Edge Hub App Usage, Edge Tab Group, Edge Wallet, Encryption Keys}
{"logTime": "0402/055649", "correlationVector":"5SxZ8AzF+/vztfOmd7X7rn.1","action":"SyncServerConnectionManagerRequest", "result":"SYNC_SERVER_OK", "context":{"environment":"Prod_SoutheastAsia_000j", "migrationStage":"NotStarted", "server":"GENERAL0300001C"}}
{"logTime": "0402/055649", "correlationVector":"5SxZ8AzF+/vztfOmd7X7rn.2","action":"GetUpdates Response", "result":"Success", "context":Received 2 update(s). cV=5SxZ8AzF+/vztfOmd7X7rn.0;server=GENERAL0300001C;cloudType=Consumer;environment=Prod_SoutheastAsia_000j;migrationStage=NotStarted}
{"logTime": "0402/055649", "correlationVector":"BCW0S6Oi/p5cmp07a3235W","action":"Commit Request", "result":"", "context":Item count: 3
Contributing types: Sessions}
{"logTime": "0402/055649", "correlationVector":"BCW0S6Oi/p5cmp07a3235W.1","action":"SyncServerConnectionManagerRequest", "result":"SYNC_SERVER_OK", "context":{"environment":"Prod_SoutheastAsia_000j", "migrationStage":"NotStarted", "server":"GENERAL0100000X"}}
{"logTime": "0402/055649", "correlationVector":"BCW0S6Oi/p5cmp07a3235W.3","action":"Commit.Sessions", "result":"Success", "context":{"id":"ac474516-ec9a-4fb7-b8ec-4997747ac69f", "isDeleted":"true", "size":"0", "version":"1712037310933"}}
{"logTime": "0402/055649", "correlationVector":"BCW0S6Oi/p5cmp07a3235W.2","action":"Commit Response", "result":"Success", "context":Result: Success. cV=BCW0S6Oi/p5cmp07a3235W.0;server=GENERAL0100000X;cloudType=Consumer;environment=Prod_SoutheastAsia_000j;migrationStage=NotStarted}
{"logTime": "0402/055649", "correlationVector":"yKySas1FmYnZc7EEy+l1Tx","action":"Normal GetUpdate request", "result":"", "context":cV=yKySas1FmYnZc7EEy+l1Tx
Nudged types: Sessions
Notified types: Preferences}
{"logTime": "0402/055649", "correlationVector":"yKySas1FmYnZc7EEy+l1Tx.1","action":"SyncServerConnectionManagerRequest", "result":"SYNC_SERVER_OK", "context":{"environment":"Prod_SoutheastAsia_000j", "migrationStage":"NotStarted", "server":"GENERAL0100000X"}}
{"logTime": "0402/055649", "correlationVector":"yKySas1FmYnZc7EEy+l1Tx.2","action":"GetUpdates", "result":"DeleteReceived", "context":{"id":"ac474516-ec9a-4fb7-b8ec-4997747ac69f", "isDeleted:":"true", "version":"1712037402369"}}
{"logTime": "0402/055649", "correlationVector":"yKySas1FmYnZc7EEy+l1Tx.3","action":"GetUpdates Response", "result":"Success", "context":Received 3 update(s). cV=yKySas1FmYnZc7EEy+l1Tx.0;server=GENERAL0100000X;cloudType=Consumer;environment=Prod_SoutheastAsia_000j;migrationStage=NotStarted}
{"logTime": "0402/055707", "correlationVector":"aP6kyOzbol4pBZEvCrKtoY","action":"Normal GetUpdate request", "result":"", "context":cV=aP6kyOzbol4pBZEvCrKtoY
Nudged types: Sessions
Notified types: Preferences}
{"logTime": "0402/055707", "correlationVector":"aP6kyOzbol4pBZEvCrKtoY.1","action":"SyncServerConnectionManagerRequest", "result":"SYNC_SERVER_OK", "context":{"environment":"Prod_SoutheastAsia_000j", "migrationStage":"NotStarted", "server":"GENERAL0300001Y"}}
{"logTime": "0402/055707", "correlationVector":"aP6kyOzbol4pBZEvCrKtoY.2","action":"GetUpdates Response", "result":"Success", "context":Received 1 update(s). cV=aP6kyOzbol4pBZEvCrKtoY.0;server=GENERAL0300001Y;cloudType=Consumer;environment=Prod_SoutheastAsia_000j;migrationStage=NotStarted}
{"logTime": "0402/055707", "correlationVector":"MtChWdgX0tsSut3ctLTeRz","action":"Commit Request", "result":"", "context":Item count: 1
Contributing types: Sessions}
{"logTime": "0402/055708", "correlationVector":"MtChWdgX0tsSut3ctLTeRz.1","action":"SyncServerConnectionManagerRequest", "result":"SYNC_SERVER_OK", "context":{"environment":"Prod_SoutheastAsia_000j", "migrationStage":"NotStarted", "server":"GENERAL01000007"}}
{"logTime": "0402/055708", "correlationVector":"MtChWdgX0tsSut3ctLTeRz.2","action":"Commit Response", "result":"Success", "context":Result: Success. cV=MtChWdgX0tsSut3ctLTeRz.0;server=GENERAL01000007;cloudType=Consumer;environment=Prod_SoutheastAsia_000j;migrationStage=NotStarted}
{"logTime": "0402/055947", "correlationVector":"Yl5hd7IxTdalKwjS7+PYUB.1","action":"SyncServerConnectionManagerRequest", "result":"SYNC_SERVER_OK", "context":{"environment":"Prod_SoutheastAsia_000j", "migrationStage":"NotStarted", "server":"GENERAL01000009"}}
{"logTime": "0402/055947", "correlationVector":"Yl5hd7IxTdalKwjS7+PYUB","action":"Initial GetUpdates", "result":"", "context":Reason: NEW_CLIENT. cV=Yl5hd7IxTdalKwjS7+PYUB}
{"logTime": "0402/055947", "correlationVector":"Yl5hd7IxTdalKwjS7+PYUB.2","action":"GetUpdates Response", "result":"Success", "context":Received 1 update(s). cV=Yl5hd7IxTdalKwjS7+PYUB.0;server=GENERAL01000009;cloudType=Consumer;environment=Prod_SoutheastAsia_000j;migrationStage=NotStarted}
{"logTime": "0402/055947", "correlationVector":"QqN6Cwh8CHo4aEm6reRPDI","action":"Initial GetUpdates", "result":"", "context":Reason: NEWLY_SUPPORTED_DATATYPE. cV=QqN6Cwh8CHo4aEm6reRPDI}
{"logTime": "0402/055947", "correlationVector":"QqN6Cwh8CHo4aEm6reRPDI.1","action":"SyncServerConnectionManagerRequest", "result":"SYNC_SERVER_OK", "context":{"environment":"Prod_SoutheastAsia_000j", "migrationStage":"NotStarted", "server":"GENERAL03000007"}}
{"logTime": "0402/055947", "correlationVector":"QqN6Cwh8CHo4aEm6reRPDI.2","action":"GetUpdates", "result":"DeleteReceived", "context":{"id":"b0b79834-4d02-45d9-a0ad-3af96dca6194", "isDeleted:":"true", "version":"1704362622549"}}
{"logTime": "0402/055947", "correlationVector":"QqN6Cwh8CHo4aEm6reRPDI.3","action":"GetUpdates Response", "result":"Success", "context":Received 52 update(s). cV=QqN6Cwh8CHo4aEm6reRPDI.0;server=GENERAL03000007;cloudType=Consumer;environment=Prod_SoutheastAsia_000j;migrationStage=NotStarted}
{"logTime": "0402/055947", "correlationVector":"3Mp1JkjSvIrPzF/uuZyz2V","action":"SyncServerConnectionManagerRequest", "result":"SYNC_SERVER_OK", "context":{"environment":"", "migrationStage":"", "server":""}}
{"logTime": "0402/055947", "correlationVector":"kvJxPcIWRYwRqfPTAHWNuk","action":"Initial GetUpdates", "result":"", "context":Reason: NEWLY_SUPPORTED_DATATYPE. cV=kvJxPcIWRYwRqfPTAHWNuk}
{"logTime": "0402/055947", "correlationVector":"kvJxPcIWRYwRqfPTAHWNuk.1","action":"SyncServerConnectionManagerRequest", "result":"SYNC_SERVER_OK", "context":{"environment":"Prod_SoutheastAsia_000j", "migrationStage":"NotStarted", "server":"GENERAL03000026"}}
{"logTime": "0402/055947", "correlationVector":"kvJxPcIWRYwRqfPTAHWNuk.2","action":"GetUpdates Response", "result":"Success", "context":Received 0 update(s). cV=kvJxPcIWRYwRqfPTAHWNuk.0;server=GENERAL03000026;cloudType=Consumer;environment=Prod_SoutheastAsia_000j;migrationStage=NotStarted}
{"logTime": "0402/055947", "correlationVector":"1X9RFQCvahsfKOwuhROc0W","action":"Normal GetUpdate request", "result":"", "context":cV=1X9RFQCvahsfKOwuhROc0W
Nudged types: Sessions
Refresh requested types: Bookmarks, Preferences, Passwords, Autofill Profiles, Typed URLs, Extensions, Sessions, Extension settings, History Delete Directives, Device Info, User Consents, Send Tab To Self, Web Apps, Collection, Edge E Drop, Edge Hub App Usage, Edge Tab Group, Edge Wallet, Encryption Keys}
{"logTime": "0402/055947", "correlationVector":"1X9RFQCvahsfKOwuhROc0W.1","action":"SyncServerConnectionManagerRequest", "result":"SYNC_SERVER_OK", "context":{"environment":"Prod_SoutheastAsia_000j", "migrationStage":"NotStarted", "server":"GENERAL03000021"}}
{"logTime": "0402/055947", "correlationVector":"1X9RFQCvahsfKOwuhROc0W.2","action":"GetUpdates Response", "result":"Success", "context":Received 1 update(s). cV=1X9RFQCvahsfKOwuhROc0W.0;server=GENERAL03000021;cloudType=Consumer;environment=Prod_SoutheastAsia_000j;migrationStage=NotStarted}
{"logTime": "0402/055947", "correlationVector":"AVyieyF6ZDasGwMoEa5Yse","action":"Commit Request", "result":"", "context":Item count: 3
Contributing types: Sessions}
{"logTime": "0402/055947", "correlationVector":"AVyieyF6ZDasGwMoEa5Yse.1","action":"SyncServerConnectionManagerRequest", "result":"SYNC_SERVER_OK", "context":{"environment":"Prod_SoutheastAsia_000j", "migrationStage":"NotStarted", "server":"GENERAL01000004"}}
{"logTime": "0402/055947", "correlationVector":"AVyieyF6ZDasGwMoEa5Yse.3","action":"Commit.Sessions", "result":"Success", "context":{"id":"dd703d22-e14c-4014-82b3-80383be1174a", "isDeleted":"true", "size":"0", "version":"1712037426931"}}
{"logTime": "0402/055947", "correlationVector":"AVyieyF6ZDasGwMoEa5Yse.2","action":"Commit Response", "result":"Success", "context":Result: Success. cV=AVyieyF6ZDasGwMoEa5Yse.0;server=GENERAL01000004;cloudType=Consumer;environment=Prod_SoutheastAsia_000j;migrationStage=NotStarted}
{"logTime": "0402/060012", "correlationVector":"Stweqz24QDEVEXejBp2FCX","action":"Normal GetUpdate request", "result":"", "context":cV=Stweqz24QDEVEXejBp2FCX
Nudged types: Sessions}
{"logTime": "0403/100701", "correlationVector":"rTup0OOAIUS4X6LrP8/WUX.1","action":"SyncServerConnectionManagerRequest", "result":"SYNC_SERVER_OK", "context":{"environment":"Prod_SoutheastAsia_000j", "migrationStage":"NotStarted", "server":"GENERAL0100000T"}}
{"logTime": "0403/100701", "correlationVector":"rTup0OOAIUS4X6LrP8/WUX","action":"Initial GetUpdates", "result":"", "context":Reason: NEW_CLIENT. cV=rTup0OOAIUS4X6LrP8/WUX}
{"logTime": "0403/100701", "correlationVector":"rTup0OOAIUS4X6LrP8/WUX.2","action":"GetUpdates Response", "result":"Success", "context":Received 1 update(s). cV=rTup0OOAIUS4X6LrP8/WUX.0;server=GENERAL0100000T;cloudType=Consumer;environment=Prod_SoutheastAsia_000j;migrationStage=NotStarted}
{"logTime": "0403/100701", "correlationVector":"Q1Hq6CWrwfIbiO2LOVW5Pd","action":"SyncServerConnectionManagerRequest", "result":"SYNC_SERVER_OK", "context":{"environment":"", "migrationStage":"", "server":""}}
{"logTime": "0403/100701", "correlationVector":"LzlpU5fAYN8B9fsHn41t+C","action":"Initial GetUpdates", "result":"", "context":Reason: NEWLY_SUPPORTED_DATATYPE. cV=LzlpU5fAYN8B9fsHn41t+C}
{"logTime": "0403/100701", "correlationVector":"LzlpU5fAYN8B9fsHn41t+C.1","action":"SyncServerConnectionManagerRequest", "result":"SYNC_SERVER_OK", "context":{"environment":"Prod_SoutheastAsia_000j", "migrationStage":"NotStarted", "server":"GENERAL0300000D"}}
{"logTime": "0403/100701", "correlationVector":"LzlpU5fAYN8B9fsHn41t+C.2","action":"GetUpdates", "result":"DeleteReceived", "context":{"id":"b0b79834-4d02-45d9-a0ad-3af96dca6194", "isDeleted:":"true", "version":"1704362622549"}}
{"logTime": "0403/100701", "correlationVector":"LzlpU5fAYN8B9fsHn41t+C.3","action":"GetUpdates Response", "result":"Success", "context":Received 52 update(s). cV=LzlpU5fAYN8B9fsHn41t+C.0;server=GENERAL0300000D;cloudType=Consumer;environment=Prod_SoutheastAsia_000j;migrationStage=NotStarted}
{"logTime": "0403/100701", "correlationVector":"8d6DF0RQkHljFjTkfBku+3","action":"Initial GetUpdates", "result":"", "context":Reason: NEWLY_SUPPORTED_DATATYPE. cV=8d6DF0RQkHljFjTkfBku+3}
{"logTime": "0403/100701", "correlationVector":"8d6DF0RQkHljFjTkfBku+3.1","action":"SyncServerConnectionManagerRequest", "result":"SYNC_SERVER_OK", "context":{"environment":"Prod_SoutheastAsia_000j", "migrationStage":"NotStarted", "server":"GENERAL03000002"}}
{"logTime": "0403/100701", "correlationVector":"8d6DF0RQkHljFjTkfBku+3.2","action":"GetUpdates Response", "result":"Success", "context":Received 0 update(s). cV=8d6DF0RQkHljFjTkfBku+3.0;server=GENERAL03000002;cloudType=Consumer;environment=Prod_SoutheastAsia_000j;migrationStage=NotStarted}
{"logTime": "0403/100701", "correlationVector":"MjY1hiBdoqAzv/5CqAumlA","action":"Normal GetUpdate request", "result":"", "context":cV=MjY1hiBdoqAzv/5CqAumlA
Nudged types: Sessions, Device Info
Refresh requested types: Bookmarks, Preferences, Passwords, Autofill Profiles, Typed URLs, Extensions, Sessions, Extension settings, History Delete Directives, Device Info, User Consents, Send Tab To Self, Web Apps, Collection, Edge E Drop, Edge Hub App Usage, Edge Tab Group, Edge Wallet, Encryption Keys}
{"logTime": "0403/100701", "correlationVector":"MjY1hiBdoqAzv/5CqAumlA.1","action":"SyncServerConnectionManagerRequest", "result":"SYNC_SERVER_OK", "context":{"environment":"Prod_SoutheastAsia_000j", "migrationStage":"NotStarted", "server":"GENERAL0300001O"}}
{"logTime": "0403/100701", "correlationVector":"MjY1hiBdoqAzv/5CqAumlA.2","action":"GetUpdates", "result":"DeleteReceived", "context":{"id":"dd703d22-e14c-4014-82b3-80383be1174a", "isDeleted:":"true", "version":"1712037581068"}}
{"logTime": "0403/100701", "correlationVector":"MjY1hiBdoqAzv/5CqAumlA.3","action":"GetUpdates", "result":"DeleteReceived", "context":{"id":"dbe455f2-7ad1-4e63-b475-f97bb0c9390e", "isDeleted:":"true", "version":"1712061023569"}}
{"logTime": "0403/100701", "correlationVector":"MjY1hiBdoqAzv/5CqAumlA.4","action":"GetUpdates Response", "result":"Success", "context":Received 7 update(s). cV=MjY1hiBdoqAzv/5CqAumlA.0;server=GENERAL0300001O;cloudType=Consumer;environment=Prod_SoutheastAsia_000j;migrationStage=NotStarted}
{"logTime": "0403/100701", "correlationVector":"yy0hU3cf1CekQd2LKV+dPv","action":"Commit Request", "result":"", "context":Item count: 4
Contributing types: Sessions, Device Info}
{"logTime": "0403/100701", "correlationVector":"yy0hU3cf1CekQd2LKV+dPv.1","action":"SyncServerConnectionManagerRequest", "result":"SYNC_SERVER_OK", "context":{"environment":"Prod_SoutheastAsia_000j", "migrationStage":"NotStarted", "server":"GENERAL03000026"}}
{"logTime": "0403/100701", "correlationVector":"yy0hU3cf1CekQd2LKV+dPv.3","action":"Commit.Sessions", "result":"Success", "context":{"id":"335ccefd-267c-4a07-b731-f5ad7f3d4210", "isDeleted":"true", "size":"0", "version":"1712037581069"}}
{"logTime": "0403/100701", "correlationVector":"yy0hU3cf1CekQd2LKV+dPv.2","action":"Commit Response", "result":"Success", "context":Result: Success. cV=yy0hU3cf1CekQd2LKV+dPv.0;server=GENERAL03000026;cloudType=Consumer;environment=Prod_SoutheastAsia_000j;migrationStage=NotStarted}
{"logTime": "0403/100701", "correlationVector":"dtKwbX51g6wfqzt/WAvSXA","action":"Poll GetUpdate request", "result":"", "context":cV=dtKwbX51g6wfqzt/WAvSXA}
{"logTime": "0403/100701", "correlationVector":"dtKwbX51g6wfqzt/WAvSXA.1","action":"SyncServerConnectionManagerRequest", "result":"SYNC_SERVER_OK", "context":{"environment":"Prod_SoutheastAsia_000j", "migrationStage":"NotStarted", "server":"GENERAL0100000I"}}
{"logTime": "0403/100701", "correlationVector":"dtKwbX51g6wfqzt/WAvSXA.2","action":"GetUpdates", "result":"DeleteReceived", "context":{"id":"335ccefd-267c-4a07-b731-f5ad7f3d4210", "isDeleted:":"true", "version":"1712138812749"}}
{"logTime": "0403/100701", "correlationVector":"dtKwbX51g6wfqzt/WAvSXA.3","action":"GetUpdates Response", "result":"Success", "context":Received 4 update(s). cV=dtKwbX51g6wfqzt/WAvSXA.0;server=GENERAL0100000I;cloudType=Consumer;environment=Prod_SoutheastAsia_000j;migrationStage=NotStarted}
{"logTime": "0403/100701", "correlationVector":"pqzHYcOuCJLPgXsho6wntE","action":"Normal GetUpdate request", "result":"", "context":cV=pqzHYcOuCJLPgXsho6wntE
Nudged types: Sessions, Device Info}
{"logTime": "0403/100701", "correlationVector":"pqzHYcOuCJLPgXsho6wntE.1","action":"SyncServerConnectionManagerRequest", "result":"SYNC_SERVER_OK", "context":{"environment":"Prod_SoutheastAsia_000j", "migrationStage":"NotStarted", "server":"GENERAL0300001K"}}
{"logTime": "0403/100701", "correlationVector":"pqzHYcOuCJLPgXsho6wntE.2","action":"GetUpdates Response", "result":"Success", "context":Received 0 update(s). cV=pqzHYcOuCJLPgXsho6wntE.0;server=GENERAL0300001K;cloudType=Consumer;environment=Prod_SoutheastAsia_000j;migrationStage=NotStarted}
{"logTime": "0403/100727", "correlationVector":"UEappU0bBEoYrk3o+vZDcx","action":"Commit Request", "result":"", "context":Item count: 1
Contributing types: Sessions}
{"logTime": "0403/100728", "correlationVector":"UEappU0bBEoYrk3o+vZDcx.1","action":"SyncServerConnectionManagerRequest", "result":"SYNC_SERVER_OK", "context":{"environment":"Prod_SoutheastAsia_000j", "migrationStage":"NotStarted", "server":"GENERAL0100001C"}}
{"logTime": "0403/100728", "correlationVector":"UEappU0bBEoYrk3o+vZDcx.2","action":"Commit Response", "result":"Success", "context":Result: Success. cV=UEappU0bBEoYrk3o+vZDcx.0;server=GENERAL0100001C;cloudType=Consumer;environment=Prod_SoutheastAsia_000j;migrationStage=NotStarted}
{"logTime": "0403/100803", "correlationVector":"83iKQr7GO1EF39p0DfHuAg","action":"Normal GetUpdate request", "result":"", "context":cV=83iKQr7GO1EF39p0DfHuAg
Notified types: Preferences}
{"logTime": "0403/100803", "correlationVector":"83iKQr7GO1EF39p0DfHuAg.1","action":"SyncServerConnectionManagerRequest", "result":"SYNC_SERVER_OK", "context":{"environment":"Prod_SoutheastAsia_000j", "migrationStage":"NotStarted", "server":"GENERAL03000009"}}
{"logTime": "0403/100803", "correlationVector":"83iKQr7GO1EF39p0DfHuAg.2","action":"GetUpdates Response", "result":"Success", "context":Received 2 update(s). cV=83iKQr7GO1EF39p0DfHuAg.0;server=GENERAL03000009;cloudType=Consumer;environment=Prod_SoutheastAsia_000j;migrationStage=NotStarted}
{"logTime": "0403/101108", "correlationVector":"Hs+nsh0HSf26APq8QbRtf4","action":"Normal GetUpdate request", "result":"", "context":cV=Hs+nsh0HSf26APq8QbRtf4
Notified types: Preferences}
{"logTime": "0403/101108", "correlationVector":"Hs+nsh0HSf26APq8QbRtf4.1","action":"SyncServerConnectionManagerRequest", "result":"SYNC_SERVER_OK", "context":{"environment":"Prod_SoutheastAsia_000j", "migrationStage":"NotStarted", "server":"GENERAL0100000E"}}
{"logTime": "0403/101108", "correlationVector":"Hs+nsh0HSf26APq8QbRtf4.2","action":"GetUpdates Response", "result":"Success", "context":Received 1 update(s). cV=Hs+nsh0HSf26APq8QbRtf4.0;server=GENERAL0100000E;cloudType=Consumer;environment=Prod_SoutheastAsia_000j;migrationStage=NotStarted}
{"logTime": "0403/101150", "correlationVector":"/jYa4woaNxC0xb7l3ab0Hk","action":"Normal GetUpdate request", "result":"", "context":cV=/jYa4woaNxC0xb7l3ab0Hk
Refresh requested types: Bookmarks, Preferences, Passwords, Autofill Profiles, Typed URLs, Extensions, Sessions, Extension settings, History Delete Directives, Device Info, User Consents, Send Tab To Self, Web Apps, Collection, Edge E Drop, Edge Hub App Usage, Edge Tab Group, Edge Wallet, Encryption Keys}
{"logTime": "0403/101151", "correlationVector":"/jYa4woaNxC0xb7l3ab0Hk.1","action":"SyncServerConnectionManagerRequest", "result":"SYNC_SERVER_OK", "context":{"environment":"Prod_SoutheastAsia_000j", "migrationStage":"NotStarted", "server":"GENERAL0300001P"}}
{"logTime": "0403/101151", "correlationVector":"/jYa4woaNxC0xb7l3ab0Hk.2","action":"GetUpdates Response", "result":"Success", "context":Received 0 update(s). cV=/jYa4woaNxC0xb7l3ab0Hk.0;server=GENERAL0300001P;cloudType=Consumer;environment=Prod_SoutheastAsia_000j;migrationStage=NotStarted}
{"logTime": "0403/101424", "correlationVector":"QuKx8SVWmci8QW7bpdH9aP","action":"Commit Request", "result":"", "context":Item count: 1
Contributing types: Sessions}
{"logTime": "0403/101424", "correlationVector":"QuKx8SVWmci8QW7bpdH9aP.1","action":"SyncServerConnectionManagerRequest", "result":"SYNC_SERVER_OK", "context":{"environment":"Prod_SoutheastAsia_000j", "migrationStage":"NotStarted", "server":"GENERAL0300000F"}}
{"logTime": "0403/101424", "correlationVector":"QuKx8SVWmci8QW7bpdH9aP.2","action":"Commit Response", "result":"Success", "context":Result: Success. cV=QuKx8SVWmci8QW7bpdH9aP.0;server=GENERAL0300000F;cloudType=Consumer;environment=Prod_SoutheastAsia_000j;migrationStage=NotStarted}
{"logTime": "0403/101530", "correlationVector":"OJMGe3Xscze/zKpOjnTZEm","action":"Commit Request", "result":"", "context":Item count: 1
Contributing types: Sessions}
{"logTime": "0403/101530", "correlationVector":"OJMGe3Xscze/zKpOjnTZEm.1","action":"SyncServerConnectionManagerRequest", "result":"SYNC_SERVER_OK", "context":{"environment":"Prod_SoutheastAsia_000j", "migrationStage":"NotStarted", "server":"GENERAL03000018"}}
{"logTime": "0403/101530", "correlationVector":"OJMGe3Xscze/zKpOjnTZEm.2","action":"Commit Response", "result":"Success", "context":Result: Success. cV=OJMGe3Xscze/zKpOjnTZEm.0;server=GENERAL03000018;cloudType=Consumer;environment=Prod_SoutheastAsia_000j;migrationStage=NotStarted}
{"logTime": "0403/101719", "correlationVector":"v4YlQiI6/1EjRPNA4jTWVQ","action":"Commit Request", "result":"", "context":Item count: 1
Contributing types: Sessions}
{"logTime": "0403/101719", "correlationVector":"v4YlQiI6/1EjRPNA4jTWVQ.1","action":"SyncServerConnectionManagerRequest", "result":"SYNC_SERVER_OK", "context":{"environment":"Prod_SoutheastAsia_000j", "migrationStage":"NotStarted", "server":"GENERAL0300000A"}}
{"logTime": "0403/101719", "correlationVector":"v4YlQiI6/1EjRPNA4jTWVQ.2","action":"Commit Response", "result":"Success", "context":Result: Success. cV=v4YlQiI6/1EjRPNA4jTWVQ.0;server=GENERAL0300000A;cloudType=Consumer;environment=Prod_SoutheastAsia_000j;migrationStage=NotStarted}
{"logTime": "0403/101811", "correlationVector":"2nzu837qfsaCbMRI4Tdm+R","action":"Commit Request", "result":"", "context":Item count: 1
Contributing types: Sessions}
{"logTime": "0403/101812", "correlationVector":"2nzu837qfsaCbMRI4Tdm+R.1","action":"SyncServerConnectionManagerRequest", "result":"SYNC_SERVER_OK", "context":{"environment":"Prod_SoutheastAsia_000j", "migrationStage":"NotStarted", "server":"GENERAL03000011"}}
{"logTime": "0403/101812", "correlationVector":"2nzu837qfsaCbMRI4Tdm+R.2","action":"Commit Response", "result":"Success", "context":Result: Success. cV=2nzu837qfsaCbMRI4Tdm+R.0;server=GENERAL03000011;cloudType=Consumer;environment=Prod_SoutheastAsia_000j;migrationStage=NotStarted}
{"logTime": "0403/101850", "correlationVector":"/PCoEmqZfd39ztUujj5rII","action":"Commit Request", "result":"", "context":Item count: 1
Contributing types: Sessions}
{"logTime": "0403/101850", "correlationVector":"/PCoEmqZfd39ztUujj5rII.1","action":"SyncServerConnectionManagerRequest", "result":"SYNC_SERVER_OK", "context":{"environment":"Prod_SoutheastAsia_000j", "migrationStage":"NotStarted", "server":"GENERAL03000002"}}
{"logTime": "0403/101850", "correlationVector":"/PCoEmqZfd39ztUujj5rII.2","action":"Commit Response", "result":"Success", "context":Result: Success. cV=/PCoEmqZfd39ztUujj5rII.0;server=GENERAL03000002;cloudType=Consumer;environment=Prod_SoutheastAsia_000j;migrationStage=NotStarted}
{"logTime": "0403/103149", "correlationVector":"1cLtWBRuumnqhs2jz9gpGa.1","action":"SyncServerConnectionManagerRequest", "result":"SYNC_SERVER_OK", "context":{"environment":"Prod_SoutheastAsia_000j", "migrationStage":"NotStarted", "server":"GENERAL03000012"}}
{"logTime": "0403/103149", "correlationVector":"1cLtWBRuumnqhs2jz9gpGa","action":"Initial GetUpdates", "result":"", "context":Reason: NEW_CLIENT. cV=1cLtWBRuumnqhs2jz9gpGa}
{"logTime": "0403/103149", "correlationVector":"1cLtWBRuumnqhs2jz9gpGa.2","action":"GetUpdates Response", "result":"Success", "context":Received 1 update(s). cV=1cLtWBRuumnqhs2jz9gpGa.0;server=GENERAL03000012;cloudType=Consumer;environment=Prod_SoutheastAsia_000j;migrationStage=NotStarted}
{"logTime": "0403/103149", "correlationVector":"0pIk/IyngQWYRCWe/vKO15","action":"Initial GetUpdates", "result":"", "context":Reason: NEWLY_SUPPORTED_DATATYPE. cV=0pIk/IyngQWYRCWe/vKO15}
{"logTime": "0403/103149", "correlationVector":"0pIk/IyngQWYRCWe/vKO15.1","action":"SyncServerConnectionManagerRequest", "result":"SYNC_SERVER_OK", "context":{"environment":"Prod_SoutheastAsia_000j", "migrationStage":"NotStarted", "server":"GENERAL0100000E"}}
{"logTime": "0403/103149", "correlationVector":"0pIk/IyngQWYRCWe/vKO15.2","action":"GetUpdates", "result":"DeleteReceived", "context":{"id":"b0b79834-4d02-45d9-a0ad-3af96dca6194", "isDeleted:":"true", "version":"1704362622549"}}
{"logTime": "0403/103149", "correlationVector":"0pIk/IyngQWYRCWe/vKO15.3","action":"GetUpdates Response", "result":"Success", "context":Received 52 update(s). cV=0pIk/IyngQWYRCWe/vKO15.0;server=GENERAL0100000E;cloudType=Consumer;environment=Prod_SoutheastAsia_000j;migrationStage=NotStarted}
{"logTime": "0403/103149", "correlationVector":"QxDfEY7N8JhOBWB21NVyFQ","action":"Initial GetUpdates", "result":"", "context":Reason: NEWLY_SUPPORTED_DATATYPE. cV=QxDfEY7N8JhOBWB21NVyFQ}
{"logTime": "0403/103149", "correlationVector":"QxDfEY7N8JhOBWB21NVyFQ.1","action":"SyncServerConnectionManagerRequest", "result":"SYNC_SERVER_OK", "context":{"environment":"Prod_SoutheastAsia_000j", "migrationStage":"NotStarted", "server":"GENERAL01000017"}}
{"logTime": "0403/103149", "correlationVector":"QxDfEY7N8JhOBWB21NVyFQ.2","action":"GetUpdates Response", "result":"Success", "context":Received 0 update(s). cV=QxDfEY7N8JhOBWB21NVyFQ.0;server=GENERAL01000017;cloudType=Consumer;environment=Prod_SoutheastAsia_000j;migrationStage=NotStarted}
{"logTime": "0403/103149", "correlationVector":"KLgbG48V7iX+geQZPR/NPS","action":"Normal GetUpdate request", "result":"", "context":cV=KLgbG48V7iX+geQZPR/NPS
Nudged types: Sessions
Refresh requested types: Bookmarks, Preferences, Passwords, Autofill Profiles, Typed URLs, Extensions, Sessions, Extension settings, History Delete Directives, Device Info, User Consents, Send Tab To Self, Web Apps, Collection, Edge E Drop, Edge Hub App Usage, Edge Tab Group, Edge Wallet, Encryption Keys}
{"logTime": "0403/103149", "correlationVector":"KLgbG48V7iX+geQZPR/NPS.1","action":"SyncServerConnectionManagerRequest", "result":"SYNC_SERVER_OK", "context":{"environment":"Prod_SoutheastAsia_000j", "migrationStage":"NotStarted", "server":"GENERAL0100000J"}}
{"logTime": "0403/103149", "correlationVector":"KLgbG48V7iX+geQZPR/NPS.2","action":"GetUpdates Response", "result":"Success", "context":Received 1 update(s). cV=KLgbG48V7iX+geQZPR/NPS.0;server=GENERAL0100000J;cloudType=Consumer;environment=Prod_SoutheastAsia_000j;migrationStage=NotStarted}
{"logTime": "0403/103149", "correlationVector":"qYl0fwMaPG1aYSzkd0WFu9","action":"Commit Request", "result":"", "context":Item count: 3
Contributing types: Sessions}
{"logTime": "0403/103149", "correlationVector":"qYl0fwMaPG1aYSzkd0WFu9.1","action":"SyncServerConnectionManagerRequest", "result":"SYNC_SERVER_OK", "context":{"environment":"Prod_SoutheastAsia_000j", "migrationStage":"NotStarted", "server":"GENERAL0300000N"}}
{"logTime": "0403/103149", "correlationVector":"qYl0fwMaPG1aYSzkd0WFu9.3","action":"Commit.Sessions", "result":"Success", "context":{"id":"e298bf44-dc4c-492a-b23b-176bf0f50c9d", "isDeleted":"true", "size":"0", "version":"1712139529547"}}
{"logTime": "0403/103149", "correlationVector":"qYl0fwMaPG1aYSzkd0WFu9.2","action":"Commit Response", "result":"Success", "context":Result: Success. cV=qYl0fwMaPG1aYSzkd0WFu9.0;server=GENERAL0300000N;cloudType=Consumer;environment=Prod_SoutheastAsia_000j;migrationStage=NotStarted}
{"logTime": "0403/103149", "correlationVector":"TVHoSat/zWYIl7VpL4zyQh","action":"SyncServerConnectionManagerRequest", "result":"SYNC_SERVER_OK", "context":{"environment":"", "migrationStage":"", "server":""}}
{"logTime": "0403/103149", "correlationVector":"k+lof63Fiml3skJPc26Ade","action":"Normal GetUpdate request", "result":"", "context":cV=k+lof63Fiml3skJPc26Ade
Nudged types: Sessions}
{"logTime": "0403/103149", "correlationVector":"k+lof63Fiml3skJPc26Ade.1","action":"SyncServerConnectionManagerRequest", "result":"SYNC_SERVER_OK", "context":{"environment":"Prod_SoutheastAsia_000j", "migrationStage":"NotStarted", "server":"GENERAL0100001E"}}
{"logTime": "0403/103149", "correlationVector":"k+lof63Fiml3skJPc26Ade.2","action":"GetUpdates", "result":"DeleteReceived", "context":{"id":"e298bf44-dc4c-492a-b23b-176bf0f50c9d", "isDeleted:":"true", "version":"1712140250374"}}
{"logTime": "0403/103149", "correlationVector":"k+lof63Fiml3skJPc26Ade.3","action":"GetUpdates Response", "result":"Success", "context":Received 3 update(s). cV=k+lof63Fiml3skJPc26Ade.0;server=GENERAL0100001E;cloudType=Consumer;environment=Prod_SoutheastAsia_000j;migrationStage=NotStarted}
{"logTime": "0403/103149", "correlationVector":"evzqJNrXqpf96TS7wTt3gU","action":"Commit Request", "result":"", "context":Item count: 1
Contributing types: Sessions}
{"logTime": "0403/103149", "correlationVector":"evzqJNrXqpf96TS7wTt3gU.1","action":"SyncServerConnectionManagerRequest", "result":"SYNC_SERVER_OK", "context":{"environment":"Prod_SoutheastAsia_000j", "migrationStage":"NotStarted", "server":"GENERAL0300000D"}}
{"logTime": "0403/103149", "correlationVector":"evzqJNrXqpf96TS7wTt3gU.2","action":"Commit Response", "result":"Success", "context":Result: Success. cV=evzqJNrXqpf96TS7wTt3gU.0;server=GENERAL0300000D;cloudType=Consumer;environment=Prod_SoutheastAsia_000j;migrationStage=NotStarted}
{"logTime": "0403/103149", "correlationVector":"kNxnUK8IG9n6G0442YN8nz","action":"Normal GetUpdate request", "result":"", "context":cV=kNxnUK8IG9n6G0442YN8nz
Nudged types: Sessions
Refresh requested types: Bookmarks, Preferences, Passwords, Autofill Profiles, Typed URLs, Extensions, Sessions, Extension settings, History Delete Directives, Device Info, User Consents, Send Tab To Self, Web Apps, Collection, Edge E Drop, Edge Hub App Usage, Edge Tab Group, Edge Wallet, Encryption Keys}
{"logTime": "0403/103149", "correlationVector":"kNxnUK8IG9n6G0442YN8nz.1","action":"SyncServerConnectionManagerRequest", "result":"SYNC_SERVER_OK", "context":{"environment":"Prod_SoutheastAsia_000j", "migrationStage":"NotStarted", "server":"GENERAL03000027"}}
{"logTime": "0403/103149", "correlationVector":"kNxnUK8IG9n6G0442YN8nz.2","action":"GetUpdates Response", "result":"Success", "context":Received 1 update(s). cV=kNxnUK8IG9n6G0442YN8nz.0;server=GENERAL03000027;cloudType=Consumer;environment=Prod_SoutheastAsia_000j;migrationStage=NotStarted}
{"logTime": "0403/103151", "correlationVector":"iRDmWmVS/QxrQxKazJXInr","action":"Commit Request", "result":"", "context":Item count: 1
Contributing types: Sessions}
{"logTime": "0403/103151", "correlationVector":"iRDmWmVS/QxrQxKazJXInr.1","action":"SyncServerConnectionManagerRequest", "result":"SYNC_SERVER_OK", "context":{"environment":"Prod_SoutheastAsia_000j", "migrationStage":"NotStarted", "server":"GENERAL0300000O"}}
{"logTime": "0403/103151", "correlationVector":"iRDmWmVS/QxrQxKazJXInr.2","action":"Commit Response", "result":"Success", "context":Result: Success. cV=iRDmWmVS/QxrQxKazJXInr.0;server=GENERAL0300000O;cloudType=Consumer;environment=Prod_SoutheastAsia_000j;migrationStage=NotStarted}
